  Platformer.cpp
C:\Users\mysti\Desktop\CustomPlatformer\Platformer\Platformer\camera.h(21,19): warning C4244: аргумент: преобразование "double" в "float", возможна потеря данных
C:\Users\mysti\Desktop\CustomPlatformer\Platformer\Platformer\camera.h(24,21): warning C4244: аргумент: преобразование "double" в "float", возможна потеря данных
C:\Users\mysti\Desktop\CustomPlatformer\Platformer\Platformer\camera.h(27,20): warning C4244: аргумент: преобразование "double" в "float", возможна потеря данных
C:\Users\mysti\Desktop\CustomPlatformer\Platformer\Platformer\camera.h(30,22): warning C4244: аргумент: преобразование "double" в "float", возможна потеря данных
C:\Users\mysti\Desktop\CustomPlatformer\Platformer\Platformer\level.h(63,15): warning C4244: return: преобразование "double" в "float", возможна потеря данных
C:\Users\mysti\Desktop\CustomPlatformer\Platformer\Platformer\level.h(147,18): warning C4244: инициализация: преобразование "double" в "float", возможна потеря данных
C:\Users\mysti\Desktop\CustomPlatformer\Platformer\Platformer\level.h(148,24): warning C4244: =: преобразование "float" в "int", возможна потеря данных
C:\Users\mysti\Desktop\CustomPlatformer\Platformer\Platformer\level.h(188,41): warning C4244: аргумент: преобразование "int" в "float", возможна потеря данных
C:\Users\mysti\Desktop\CustomPlatformer\Platformer\Platformer\level.h(188,26): warning C4244: аргумент: преобразование "int" в "float", возможна потеря данных
C:\Users\mysti\Desktop\CustomPlatformer\Platformer\Platformer\level.h(245,27): warning C4244: аргумент: преобразование "int" в "float", возможна потеря данных
C:\Users\mysti\Desktop\CustomPlatformer\Platformer\Platformer\level.h(245,24): warning C4244: аргумент: преобразование "int" в "float", возможна потеря данных
C:\Users\mysti\Desktop\CustomPlatformer\Platformer\Platformer\level.h(266,22): warning C4244: =: преобразование "int" в "T", возможна потеря данных
          with
          [
              T=float
          ]
C:\Users\mysti\Desktop\CustomPlatformer\Platformer\Platformer\level.h(267,23): warning C4244: =: преобразование "int" в "T", возможна потеря данных
          with
          [
              T=float
          ]
C:\Users\mysti\Desktop\CustomPlatformer\Platformer\Platformer\level.h(268,25): warning C4244: =: преобразование "int" в "T", возможна потеря данных
          with
          [
              T=float
          ]
C:\Users\mysti\Desktop\CustomPlatformer\Platformer\Platformer\level.h(269,24): warning C4244: =: преобразование "int" в "T", возможна потеря данных
          with
          [
              T=float
          ]
C:\Users\mysti\Desktop\CustomPlatformer\Platformer\Platformer\level.h(312,20): warning C4018: <: несоответствие типов со знаком и без знака
C:\Users\mysti\Desktop\CustomPlatformer\Platformer\Platformer\level.h(321,20): warning C4018: <: несоответствие типов со знаком и без знака
C:\Users\mysti\Desktop\CustomPlatformer\Platformer\Platformer\level.h(343,28): warning C4018: <: несоответствие типов со знаком и без знака
C:\Users\mysti\Desktop\CustomPlatformer\Platformer\Platformer\level.h(344,27): warning C4018: <: несоответствие типов со знаком и без знака
C:\Users\mysti\Desktop\CustomPlatformer\Platformer\Platformer\Platformer.cpp(30,7): warning C4244: =: преобразование "int" в "float", возможна потеря данных
C:\Users\mysti\Desktop\CustomPlatformer\Platformer\Platformer\Platformer.cpp(31,7): warning C4244: =: преобразование "int" в "float", возможна потеря данных
C:\Users\mysti\Desktop\CustomPlatformer\Platformer\Platformer\Platformer.cpp(33,1): warning C4305: =: усечение из "double" в "float"
C:\Users\mysti\Desktop\CustomPlatformer\Platformer\Platformer\Platformer.cpp(42,44): warning C4244: аргумент: преобразование "float" в "T", возможна потеря данных
          with
          [
              T=int
          ]
C:\Users\mysti\Desktop\CustomPlatformer\Platformer\Platformer\Platformer.cpp(42,41): warning C4244: аргумент: преобразование "float" в "T", возможна потеря данных
          with
          [
              T=int
          ]
C:\Users\mysti\Desktop\CustomPlatformer\Platformer\Platformer\Platformer.cpp(49,21): warning C4018: <: несоответствие типов со знаком и без знака
C:\Users\mysti\Desktop\CustomPlatformer\Platformer\Platformer\Platformer.cpp(67,1): warning C4305: =: усечение из "double" в "float"
C:\Users\mysti\Desktop\CustomPlatformer\Platformer\Platformer\Platformer.cpp(73,1): warning C4305: =: усечение из "double" в "float"
C:\Users\mysti\Desktop\CustomPlatformer\Platformer\Platformer\Platformer.cpp(88,11): warning C4244: =: преобразование "double" в "float", возможна потеря данных
C:\Users\mysti\Desktop\CustomPlatformer\Platformer\Platformer\Platformer.cpp(104,7): warning C4244: =: преобразование "int" в "float", возможна потеря данных
C:\Users\mysti\Desktop\CustomPlatformer\Platformer\Platformer\Platformer.cpp(105,7): warning C4244: =: преобразование "int" в "float", возможна потеря данных
C:\Users\mysti\Desktop\CustomPlatformer\Platformer\Platformer\Platformer.cpp(113,42): warning C4244: аргумент: преобразование "float" в "T", возможна потеря данных
          with
          [
              T=int
          ]
C:\Users\mysti\Desktop\CustomPlatformer\Platformer\Platformer\Platformer.cpp(113,39): warning C4244: аргумент: преобразование "float" в "T", возможна потеря данных
          with
          [
              T=int
          ]
C:\Users\mysti\Desktop\CustomPlatformer\Platformer\Platformer\Platformer.cpp(141,7): warning C4244: =: преобразование "int" в "float", возможна потеря данных
C:\Users\mysti\Desktop\CustomPlatformer\Platformer\Platformer\Platformer.cpp(142,7): warning C4244: =: преобразование "int" в "float", возможна потеря данных
C:\Users\mysti\Desktop\CustomPlatformer\Platformer\Platformer\Platformer.cpp(150,42): warning C4244: аргумент: преобразование "float" в "T", возможна потеря данных
          with
          [
              T=int
          ]
C:\Users\mysti\Desktop\CustomPlatformer\Platformer\Platformer\Platformer.cpp(150,39): warning C4244: аргумент: преобразование "float" в "T", возможна потеря данных
          with
          [
              T=int
          ]
C:\Users\mysti\Desktop\CustomPlatformer\Platformer\Platformer\Platformer.cpp(178,7): warning C4244: =: преобразование "int" в "float", возможна потеря данных
C:\Users\mysti\Desktop\CustomPlatformer\Platformer\Platformer\Platformer.cpp(179,7): warning C4244: =: преобразование "int" в "float", возможна потеря данных
C:\Users\mysti\Desktop\CustomPlatformer\Platformer\Platformer\Platformer.cpp(187,42): warning C4244: аргумент: преобразование "float" в "T", возможна потеря данных
          with
          [
              T=int
          ]
C:\Users\mysti\Desktop\CustomPlatformer\Platformer\Platformer\Platformer.cpp(187,39): warning C4244: аргумент: преобразование "float" в "T", возможна потеря данных
          with
          [
              T=int
          ]
C:\Users\mysti\Desktop\CustomPlatformer\Platformer\Platformer\Platformer.cpp(225,7): warning C4244: =: преобразование "int" в "float", возможна потеря данных
C:\Users\mysti\Desktop\CustomPlatformer\Platformer\Platformer\Platformer.cpp(226,7): warning C4244: =: преобразование "int" в "float", возможна потеря данных
C:\Users\mysti\Desktop\CustomPlatformer\Platformer\Platformer\Platformer.cpp(240,42): warning C4244: аргумент: преобразование "float" в "T", возможна потеря данных
          with
          [
              T=int
          ]
C:\Users\mysti\Desktop\CustomPlatformer\Platformer\Platformer\Platformer.cpp(240,39): warning C4244: аргумент: преобразование "float" в "T", возможна потеря данных
          with
          [
              T=int
          ]
C:\Users\mysti\Desktop\CustomPlatformer\Platformer\Platformer\Platformer.cpp(273,11): warning C4244: =: преобразование "double" в "float", возможна потеря данных
C:\Users\mysti\Desktop\CustomPlatformer\Platformer\Platformer\Platformer.cpp(281,1): warning C4305: =: усечение из "double" в "float"
C:\Users\mysti\Desktop\CustomPlatformer\Platformer\Platformer\Platformer.cpp(286,1): warning C4305: =: усечение из "double" в "float"
C:\Users\mysti\Desktop\CustomPlatformer\Platformer\Platformer\Platformer.cpp(291,1): warning C4305: =: усечение из "double" в "float"
C:\Users\mysti\Desktop\CustomPlatformer\Platformer\Platformer\Platformer.cpp(309,21): warning C4018: <: несоответствие типов со знаком и без знака
C:\Users\mysti\Desktop\CustomPlatformer\Platformer\Platformer\Platformer.cpp(457,20): warning C4018: <: несоответствие типов со знаком и без знака
C:\Users\mysti\Desktop\CustomPlatformer\Platformer\Platformer\Platformer.cpp(465,20): warning C4018: <: несоответствие типов со знаком и без знака
C:\Users\mysti\Desktop\CustomPlatformer\Platformer\Platformer\Platformer.cpp(473,20): warning C4018: <: несоответствие типов со знаком и без знака
C:\Users\mysti\Desktop\CustomPlatformer\Platformer\Platformer\Platformer.cpp(481,20): warning C4018: <: несоответствие типов со знаком и без знака
C:\Users\mysti\Desktop\CustomPlatformer\Platformer\Platformer\Platformer.cpp(494,82): warning C4244: аргумент: преобразование "double" в "int", возможна потеря данных
C:\Users\mysti\Desktop\CustomPlatformer\Platformer\Platformer\Platformer.cpp(494,76): warning C4244: аргумент: преобразование "double" в "int", возможна потеря данных
C:\Users\mysti\Desktop\CustomPlatformer\Platformer\Platformer\Platformer.cpp(503,14): warning C4244: инициализация: преобразование "sf::Int64" в "float", возможна потеря данных
C:\Users\mysti\Desktop\CustomPlatformer\Platformer\Platformer\Platformer.cpp(533,53): warning C4244: аргумент: преобразование "float" в "int", возможна потеря данных
C:\Users\mysti\Desktop\CustomPlatformer\Platformer\Platformer\Platformer.cpp(556,33): warning C4244: +=: преобразование "double" в "float", возможна потеря данных
C:\Users\mysti\Desktop\CustomPlatformer\Platformer\Platformer\Platformer.cpp(562,33): warning C4244: +=: преобразование "double" в "float", возможна потеря данных
C:\Users\mysti\Desktop\CustomPlatformer\Platformer\Platformer\Platformer.cpp(568,33): warning C4244: +=: преобразование "double" в "float", возможна потеря данных
C:\Users\mysti\Desktop\CustomPlatformer\Platformer\Platformer\Platformer.cpp(579,34): warning C4244: +=: преобразование "double" в "float", возможна потеря данных
C:\Users\mysti\Desktop\CustomPlatformer\Platformer\Platformer\Platformer.cpp(585,34): warning C4244: +=: преобразование "double" в "float", возможна потеря данных
C:\Users\mysti\Desktop\CustomPlatformer\Platformer\Platformer\Platformer.cpp(593,32): warning C4244: +=: преобразование "double" в "float", возможна потеря данных
C:\Users\mysti\Desktop\CustomPlatformer\Platformer\Platformer\Platformer.cpp(634,89): warning C4305: =: усечение из "double" в "float"
  tinystr.cpp
  tinyxml.cpp
  tinyxmlerror.cpp
  tinyxmlparser.cpp
Platformer.obj : error LNK2001: неразрешенный внешний символ ""__declspec(dllimport) public: static class sf::RenderStates const sf::RenderStates::Default" (__imp_?Default@RenderStates@sf@@2V12@B)"
Platformer.obj : error LNK2001: неразрешенный внешний символ ""__declspec(dllimport) public: class sf::Time __thiscall sf::Clock::restart(void)" (__imp_?restart@Clock@sf@@QAE?AVTime@2@XZ)"
Platformer.obj : error LNK2001: неразрешенный внешний символ ""__declspec(dllimport) public: class sf::Time __thiscall sf::Clock::getElapsedTime(void)const " (__imp_?getElapsedTime@Clock@sf@@QBE?AVTime@2@XZ)"
Platformer.obj : error LNK2001: неразрешенный внешний символ ""__declspec(dllimport) public: __thiscall sf::Clock::Clock(void)" (__imp_??0Clock@sf@@QAE@XZ)"
Platformer.obj : error LNK2001: неразрешенный внешний символ ""__declspec(dllimport) public: void __thiscall sf::SoundSource::setVolume(float)" (__imp_?setVolume@SoundSource@sf@@QAEXM@Z)"
Platformer.obj : error LNK2001: неразрешенный внешний символ ""__declspec(dllimport) public: __int64 __thiscall sf::Time::asMicroseconds(void)const " (__imp_?asMicroseconds@Time@sf@@QBE_JXZ)"
Platformer.obj : error LNK2001: неразрешенный внешний символ ""__declspec(dllimport) public: void __thiscall sf::Transformable::scale(float,float)" (__imp_?scale@Transformable@sf@@QAEXMM@Z)"
Platformer.obj : error LNK2001: неразрешенный внешний символ ""__declspec(dllimport) public: void __thiscall sf::Transformable::setOrigin(float,float)" (__imp_?setOrigin@Transformable@sf@@QAEXMM@Z)"
Platformer.obj : error LNK2001: неразрешенный внешний символ ""__declspec(dllimport) public: void __thiscall sf::Transformable::setPosition(float,float)" (__imp_?setPosition@Transformable@sf@@QAEXMM@Z)"
Platformer.obj : error LNK2001: неразрешенный внешний символ ""__declspec(dllimport) public: void __thiscall sf::View::move(float,float)" (__imp_?move@View@sf@@QAEXMM@Z)"
Platformer.obj : error LNK2001: неразрешенный внешний символ ""__declspec(dllimport) public: class sf::Vector2<float> const & __thiscall sf::View::getCenter(void)const " (__imp_?getCenter@View@sf@@QBEABV?$Vector2@M@2@XZ)"
Platformer.obj : error LNK2001: неразрешенный внешний символ ""__declspec(dllimport) public: void __thiscall sf::View::reset(class sf::Rect<float> const &)" (__imp_?reset@View@sf@@QAEXABV?$Rect@M@2@@Z)"
Platformer.obj : error LNK2001: неразрешенный внешний символ ""__declspec(dllimport) public: void __thiscall sf::View::setCenter(float,float)" (__imp_?setCenter@View@sf@@QAEXMM@Z)"
Platformer.obj : error LNK2001: неразрешенный внешний символ ""__declspec(dllimport) public: __thiscall sf::View::View(void)" (__imp_??0View@sf@@QAE@XZ)"
Platformer.obj : error LNK2001: неразрешенный внешний символ ""__declspec(dllimport) public: void __thiscall sf::Texture::setSmooth(bool)" (__imp_?setSmooth@Texture@sf@@QAEX_N@Z)"
Platformer.obj : error LNK2001: неразрешенный внешний символ ""__declspec(dllimport) public: class sf::Vector2<unsigned int> __thiscall sf::Texture::getSize(void)const " (__imp_?getSize@Texture@sf@@QBE?AV?$Vector2@I@2@XZ)"
Platformer.obj : error LNK2001: неразрешенный внешний символ ""__declspec(dllimport) public: bool __thiscall sf::Texture::loadFromImage(class sf::Image const &,class sf::Rect<int> const &)" (__imp_?loadFromImage@Texture@sf@@QAE_NABVImage@2@ABV?$Rect@H@2@@Z)"
Platformer.obj : error LNK2001: неразрешенный внешний символ ""__declspec(dllimport) public: bool __thiscall sf::Texture::loadFromFile(class std::basic_string<char,struct std::char_traits<char>,class std::allocator<char> > const &,class sf::Rect<int> const &)" (__imp_?loadFromFile@Texture@sf@@QAE_NABV?$basic_string@DU?$char_traits@D@std@@V?$allocator@D@2@@std@@ABV?$Rect@H@2@@Z)"
Platformer.obj : error LNK2001: неразрешенный внешний символ ""__declspec(dllimport) public: __thiscall sf::Texture::~Texture(void)" (__imp_??1Texture@sf@@QAE@XZ)"
Platformer.obj : error LNK2001: неразрешенный внешний символ ""__declspec(dllimport) public: __thiscall sf::Texture::Texture(void)" (__imp_??0Texture@sf@@QAE@XZ)"
Platformer.obj : error LNK2001: неразрешенный внешний символ ""__declspec(dllimport) public: bool __thiscall sf::Font::loadFromFile(class std::basic_string<char,struct std::char_traits<char>,class std::allocator<char> > const &)" (__imp_?loadFromFile@Font@sf@@QAE_NABV?$basic_string@DU?$char_traits@D@std@@V?$allocator@D@2@@std@@@Z)"
Platformer.obj : error LNK2001: неразрешенный внешний символ ""__declspec(dllimport) public: __thiscall sf::Font::~Font(void)" (__imp_??1Font@sf@@QAE@XZ)"
Platformer.obj : error LNK2001: неразрешенный внешний символ ""__declspec(dllimport) public: __thiscall sf::Font::Font(void)" (__imp_??0Font@sf@@QAE@XZ)"
Platformer.obj : error LNK2001: неразрешенный внешний символ ""__declspec(dllimport) class sf::String __cdecl sf::operator+(class sf::String const &,class sf::String const &)" (__imp_??Hsf@@YA?AVString@0@ABV10@0@Z)"
Platformer.obj : error LNK2001: неразрешенный внешний символ ""__declspec(dllimport) public: virtual __thiscall sf::RenderWindow::~RenderWindow(void)" (__imp_??1RenderWindow@sf@@UAE@XZ)"
Platformer.obj : error LNK2001: неразрешенный внешний символ ""__declspec(dllimport) public: __thiscall sf::RenderWindow::RenderWindow(class sf::VideoMode,class sf::String const &,unsigned int,struct sf::ContextSettings const &)" (__imp_??0RenderWindow@sf@@QAE@VVideoMode@1@ABVString@1@IABUContextSettings@1@@Z)"
Platformer.obj : error LNK2001: неразрешенный внешний символ ""__declspec(dllimport) public: __thiscall sf::Color::Color(unsigned char,unsigned char,unsigned char,unsigned char)" (__imp_??0Color@sf@@QAE@EEEE@Z)"
Platformer.obj : error LNK2001: неразрешенный внешний символ ""__declspec(dllimport) public: bool __thiscall sf::SoundBuffer::loadFromFile(class std::basic_string<char,struct std::char_traits<char>,class std::allocator<char> > const &)" (__imp_?loadFromFile@SoundBuffer@sf@@QAE_NABV?$basic_string@DU?$char_traits@D@std@@V?$allocator@D@2@@std@@@Z)"
Platformer.obj : error LNK2001: неразрешенный внешний символ ""__declspec(dllimport) public: __thiscall sf::SoundBuffer::~SoundBuffer(void)" (__imp_??1SoundBuffer@sf@@QAE@XZ)"
Platformer.obj : error LNK2001: неразрешенный внешний символ ""__declspec(dllimport) public: __thiscall sf::SoundBuffer::SoundBuffer(void)" (__imp_??0SoundBuffer@sf@@QAE@XZ)"
Platformer.obj : error LNK2001: неразрешенный внешний символ ""__declspec(dllimport) public: void __thiscall sf::Image::createMaskFromColor(class sf::Color const &,unsigned char)" (__imp_?createMaskFromColor@Image@sf@@QAEXABVColor@2@E@Z)"
Platformer.obj : error LNK2001: неразрешенный внешний символ ""__declspec(dllimport) public: bool __thiscall sf::Image::loadFromFile(class std::basic_string<char,struct std::char_traits<char>,class std::allocator<char> > const &)" (__imp_?loadFromFile@Image@sf@@QAE_NABV?$basic_string@DU?$char_traits@D@std@@V?$allocator@D@2@@std@@@Z)"
Platformer.obj : error LNK2001: неразрешенный внешний символ ""__declspec(dllimport) public: __thiscall sf::Image::~Image(void)" (__imp_??1Image@sf@@QAE@XZ)"
Platformer.obj : error LNK2001: неразрешенный внешний символ ""__declspec(dllimport) public: __thiscall sf::Image::Image(void)" (__imp_??0Image@sf@@QAE@XZ)"
Platformer.obj : error LNK2001: неразрешенный внешний символ ""__declspec(dllimport) public: virtual void __thiscall sf::Sound::play(void)" (__imp_?play@Sound@sf@@UAEXXZ)"
Platformer.obj : error LNK2001: неразрешенный внешний символ ""__declspec(dllimport) public: virtual __thiscall sf::Sound::~Sound(void)" (__imp_??1Sound@sf@@UAE@XZ)"
Platformer.obj : error LNK2001: неразрешенный внешний символ ""__declspec(dllimport) public: __thiscall sf::Sound::Sound(class sf::SoundBuffer const &)" (__imp_??0Sound@sf@@QAE@ABVSoundBuffer@1@@Z)"
Platformer.obj : error LNK2001: неразрешенный внешний символ ""__declspec(dllimport) public: static class sf::Color const sf::Color::Black" (__imp_?Black@Color@sf@@2V12@B)"
Platformer.obj : error LNK2001: неразрешенный внешний символ ""__declspec(dllimport) public: static class sf::Color const sf::Color::Yellow" (__imp_?Yellow@Color@sf@@2V12@B)"
Platformer.obj : error LNK2001: неразрешенный внешний символ ""__declspec(dllimport) public: void __thiscall sf::Window::display(void)" (__imp_?display@Window@sf@@QAEXXZ)"
Platformer.obj : error LNK2001: неразрешенный внешний символ ""__declspec(dllimport) public: bool __thiscall sf::Window::pollEvent(class sf::Event &)" (__imp_?pollEvent@Window@sf@@QAE_NAAVEvent@2@@Z)"
Platformer.obj : error LNK2001: неразрешенный внешний символ ""__declspec(dllimport) public: bool __thiscall sf::Window::isOpen(void)const " (__imp_?isOpen@Window@sf@@QBE_NXZ)"
Platformer.obj : error LNK2001: неразрешенный внешний символ ""__declspec(dllimport) public: void __thiscall sf::Window::close(void)" (__imp_?close@Window@sf@@QAEXXZ)"
Platformer.obj : error LNK2001: неразрешенный внешний символ ""__declspec(dllimport) public: void __thiscall sf::RenderTarget::draw(class sf::Drawable const &,class sf::RenderStates const &)" (__imp_?draw@RenderTarget@sf@@QAEXABVDrawable@2@ABVRenderStates@2@@Z)"
Platformer.obj : error LNK2001: неразрешенный внешний символ ""__declspec(dllimport) public: void __thiscall sf::RenderTarget::setView(class sf::View const &)" (__imp_?setView@RenderTarget@sf@@QAEXABVView@2@@Z)"
Platformer.obj : error LNK2001: неразрешенный внешний символ ""__declspec(dllimport) public: void __thiscall sf::RenderTarget::clear(class sf::Color const &)" (__imp_?clear@RenderTarget@sf@@QAEXABVColor@2@@Z)"
Platformer.obj : error LNK2001: неразрешенный внешний символ ""__declspec(dllimport) public: static bool __cdecl sf::Keyboard::isKeyPressed(enum sf::Keyboard::Key)" (__imp_?isKeyPressed@Keyboard@sf@@SA_NW4Key@12@@Z)"
Platformer.obj : error LNK2001: неразрешенный внешний символ ""__declspec(dllimport) public: class sf::String & __thiscall sf::String::operator=(class sf::String const &)" (__imp_??4String@sf@@QAEAAV01@ABV01@@Z)"
Platformer.obj : error LNK2001: неразрешенный внешний символ ""__declspec(dllimport) public: __thiscall sf::String::operator class std::basic_string<char,struct std::char_traits<char>,class std::allocator<char> >(void)const " (__imp_??BString@sf@@QBE?AV?$basic_string@DU?$char_traits@D@std@@V?$allocator@D@2@@std@@XZ)"
Platformer.obj : error LNK2001: неразрешенный внешний символ ""__declspec(dllimport) public: __thiscall sf::String::String(void)" (__imp_??0String@sf@@QAE@XZ)"
Platformer.obj : error LNK2001: неразрешенный внешний символ ""__declspec(dllimport) public: __thiscall sf::String::String(char const *,class std::locale const &)" (__imp_??0String@sf@@QAE@PBDABVlocale@std@@@Z)"
Platformer.obj : error LNK2001: неразрешенный внешний символ ""__declspec(dllimport) public: __thiscall sf::String::String(class std::basic_string<char,struct std::char_traits<char>,class std::allocator<char> > const &,class std::locale const &)" (__imp_??0String@sf@@QAE@ABV?$basic_string@DU?$char_traits@D@std@@V?$allocator@D@2@@std@@ABVlocale@3@@Z)"
Platformer.obj : error LNK2001: неразрешенный внешний символ ""__declspec(dllimport) public: __thiscall sf::VideoMode::VideoMode(unsigned int,unsigned int,unsigned int)" (__imp_??0VideoMode@sf@@QAE@III@Z)"
Platformer.obj : error LNK2001: неразрешенный внешний символ ""__declspec(dllimport) private: virtual void __thiscall sf::Sprite::draw(class sf::RenderTarget &,class sf::RenderStates)const " (__imp_?draw@Sprite@sf@@EBEXAAVRenderTarget@2@VRenderStates@2@@Z)"
Platformer.obj : error LNK2001: неразрешенный внешний символ ""__declspec(dllimport) public: void __thiscall sf::Sprite::setColor(class sf::Color const &)" (__imp_?setColor@Sprite@sf@@QAEXABVColor@2@@Z)"
Platformer.obj : error LNK2001: неразрешенный внешний символ ""__declspec(dllimport) public: void __thiscall sf::Sprite::setTextureRect(class sf::Rect<int> const &)" (__imp_?setTextureRect@Sprite@sf@@QAEXABV?$Rect@H@2@@Z)"
Platformer.obj : error LNK2001: неразрешенный внешний символ ""__declspec(dllimport) public: void __thiscall sf::Sprite::setTexture(class sf::Texture const &,bool)" (__imp_?setTexture@Sprite@sf@@QAEXABVTexture@2@_N@Z)"
Platformer.obj : error LNK2001: неразрешенный внешний символ ""__declspec(dllimport) public: __thiscall sf::Sprite::Sprite(void)" (__imp_??0Sprite@sf@@QAE@XZ)"
Platformer.obj : error LNK2001: неразрешенный внешний символ ""__declspec(dllimport) public: __thiscall sf::Sprite::Sprite(class sf::Texture const &)" (__imp_??0Sprite@sf@@QAE@ABVTexture@1@@Z)"
Platformer.obj : error LNK2001: неразрешенный внешний символ ""__declspec(dllimport) public: bool __thiscall sf::Music::openFromFile(class std::basic_string<char,struct std::char_traits<char>,class std::allocator<char> > const &)" (__imp_?openFromFile@Music@sf@@QAE_NABV?$basic_string@DU?$char_traits@D@std@@V?$allocator@D@2@@std@@@Z)"
Platformer.obj : error LNK2001: неразрешенный внешний символ ""__declspec(dllimport) public: virtual __thiscall sf::Music::~Music(void)" (__imp_??1Music@sf@@UAE@XZ)"
Platformer.obj : error LNK2001: неразрешенный внешний символ ""__declspec(dllimport) public: __thiscall sf::Music::Music(void)" (__imp_??0Music@sf@@QAE@XZ)"
Platformer.obj : error LNK2001: неразрешенный внешний символ ""__declspec(dllimport) public: void __thiscall sf::Text::setFillColor(class sf::Color const &)" (__imp_?setFillColor@Text@sf@@QAEXABVColor@2@@Z)"
Platformer.obj : error LNK2001: неразрешенный внешний символ ""__declspec(dllimport) public: void __thiscall sf::Text::setString(class sf::String const &)" (__imp_?setString@Text@sf@@QAEXABVString@2@@Z)"
Platformer.obj : error LNK2001: неразрешенный внешний символ ""__declspec(dllimport) public: __thiscall sf::Text::Text(class sf::String const &,class sf::Font const &,unsigned int)" (__imp_??0Text@sf@@QAE@ABVString@1@ABVFont@1@I@Z)"
Platformer.obj : error LNK2001: неразрешенный внешний символ ""__declspec(dllimport) public: void __thiscall sf::SoundStream::setLoop(bool)" (__imp_?setLoop@SoundStream@sf@@QAEX_N@Z)"
Platformer.obj : error LNK2001: неразрешенный внешний символ ""__declspec(dllimport) public: virtual void __thiscall sf::SoundStream::play(void)" (__imp_?play@SoundStream@sf@@UAEXXZ)"
Platformer.obj : error LNK2001: неразрешенный внешний символ ""__declspec(dllimport) public: static class sf::Vector2<int> __cdecl sf::Mouse::getPosition(class sf::Window const &)" (__imp_?getPosition@Mouse@sf@@SA?AV?$Vector2@H@2@ABVWindow@2@@Z)"
Platformer.obj : error LNK2001: неразрешенный внешний символ ""__declspec(dllimport) public: static bool __cdecl sf::Mouse::isButtonPressed(enum sf::Mouse::Button)" (__imp_?isButtonPressed@Mouse@sf@@SA_NW4Button@12@@Z)"
Platformer.obj : error LNK2001: неразрешенный внешний символ ""__declspec(dllimport) public: __thiscall sf::Sprite::Sprite(class sf::Sprite &&)" (__imp_??0Sprite@sf@@QAE@$$QAV01@@Z)"
Platformer.obj : error LNK2001: неразрешенный внешний символ ""__declspec(dllimport) public: virtual __thiscall sf::Text::~Text(void)" (__imp_??1Text@sf@@UAE@XZ)"
Platformer.obj : error LNK2001: неразрешенный внешний символ ""__declspec(dllimport) public: __thiscall sf::String::~String(void)" (__imp_??1String@sf@@QAE@XZ)"
Platformer.obj : error LNK2001: неразрешенный внешний символ ""__declspec(dllimport) public: __thiscall sf::Sprite::Sprite(class sf::Sprite const &)" (__imp_??0Sprite@sf@@QAE@ABV01@@Z)"
Platformer.obj : error LNK2001: неразрешенный внешний символ ""__declspec(dllimport) public: class sf::Sprite & __thiscall sf::Sprite::operator=(class sf::Sprite const &)" (__imp_??4Sprite@sf@@QAEAAV01@ABV01@@Z)"
Platformer.obj : error LNK2001: неразрешенный внешний символ ""__declspec(dllimport) public: virtual __thiscall sf::Sprite::~Sprite(void)" (__imp_??1Sprite@sf@@UAE@XZ)"
C:\Users\mysti\Desktop\CustomPlatformer\Platformer\Release\Platformer.exe : fatal error LNK1120: неразрешенных внешних элементов: 75
