  Platformer.cpp
C:\Users\mysti\Desktop\CustomPlatformer\Platformer\Platformer\camera.h(21,19): warning C4244: аргумент: преобразование "double" в "float", возможна потеря данных
C:\Users\mysti\Desktop\CustomPlatformer\Platformer\Platformer\camera.h(24,21): warning C4244: аргумент: преобразование "double" в "float", возможна потеря данных
C:\Users\mysti\Desktop\CustomPlatformer\Platformer\Platformer\camera.h(27,20): warning C4244: аргумент: преобразование "double" в "float", возможна потеря данных
C:\Users\mysti\Desktop\CustomPlatformer\Platformer\Platformer\camera.h(30,22): warning C4244: аргумент: преобразование "double" в "float", возможна потеря данных
C:\Users\mysti\Desktop\CustomPlatformer\Platformer\Platformer\level.h(60,15): warning C4244: return: преобразование "double" в "float", возможна потеря данных
C:\Users\mysti\Desktop\CustomPlatformer\Platformer\Platformer\level.h(144,18): warning C4244: инициализация: преобразование "double" в "float", возможна потеря данных
C:\Users\mysti\Desktop\CustomPlatformer\Platformer\Platformer\level.h(145,24): warning C4244: =: преобразование "float" в "int", возможна потеря данных
C:\Users\mysti\Desktop\CustomPlatformer\Platformer\Platformer\level.h(185,41): warning C4244: аргумент: преобразование "int" в "float", возможна потеря данных
C:\Users\mysti\Desktop\CustomPlatformer\Platformer\Platformer\level.h(185,26): warning C4244: аргумент: преобразование "int" в "float", возможна потеря данных
C:\Users\mysti\Desktop\CustomPlatformer\Platformer\Platformer\level.h(242,27): warning C4244: аргумент: преобразование "int" в "float", возможна потеря данных
C:\Users\mysti\Desktop\CustomPlatformer\Platformer\Platformer\level.h(242,24): warning C4244: аргумент: преобразование "int" в "float", возможна потеря данных
C:\Users\mysti\Desktop\CustomPlatformer\Platformer\Platformer\level.h(263,22): warning C4244: =: преобразование "int" в "T", возможна потеря данных
          with
          [
              T=float
          ]
C:\Users\mysti\Desktop\CustomPlatformer\Platformer\Platformer\level.h(264,23): warning C4244: =: преобразование "int" в "T", возможна потеря данных
          with
          [
              T=float
          ]
C:\Users\mysti\Desktop\CustomPlatformer\Platformer\Platformer\level.h(265,25): warning C4244: =: преобразование "int" в "T", возможна потеря данных
          with
          [
              T=float
          ]
C:\Users\mysti\Desktop\CustomPlatformer\Platformer\Platformer\level.h(266,24): warning C4244: =: преобразование "int" в "T", возможна потеря данных
          with
          [
              T=float
          ]
C:\Users\mysti\Desktop\CustomPlatformer\Platformer\Platformer\Platformer.cpp(37,7): warning C4244: =: преобразование "int" в "float", возможна потеря данных
C:\Users\mysti\Desktop\CustomPlatformer\Platformer\Platformer\Platformer.cpp(38,7): warning C4244: =: преобразование "int" в "float", возможна потеря данных
C:\Users\mysti\Desktop\CustomPlatformer\Platformer\Platformer\Platformer.cpp(41,1): warning C4305: =: усечение из "double" в "float"
C:\Users\mysti\Desktop\CustomPlatformer\Platformer\Platformer\Platformer.cpp(51,44): warning C4244: аргумент: преобразование "float" в "T", возможна потеря данных
          with
          [
              T=int
          ]
C:\Users\mysti\Desktop\CustomPlatformer\Platformer\Platformer\Platformer.cpp(51,41): warning C4244: аргумент: преобразование "float" в "T", возможна потеря данных
          with
          [
              T=int
          ]
C:\Users\mysti\Desktop\CustomPlatformer\Platformer\Platformer\Platformer.cpp(76,1): warning C4305: =: усечение из "double" в "float"
C:\Users\mysti\Desktop\CustomPlatformer\Platformer\Platformer\Platformer.cpp(82,1): warning C4305: =: усечение из "double" в "float"
C:\Users\mysti\Desktop\CustomPlatformer\Platformer\Platformer\Platformer.cpp(97,11): warning C4244: =: преобразование "double" в "float", возможна потеря данных
C:\Users\mysti\Desktop\CustomPlatformer\Platformer\Platformer\Platformer.cpp(124,7): warning C4244: =: преобразование "int" в "float", возможна потеря данных
C:\Users\mysti\Desktop\CustomPlatformer\Platformer\Platformer\Platformer.cpp(125,7): warning C4244: =: преобразование "int" в "float", возможна потеря данных
C:\Users\mysti\Desktop\CustomPlatformer\Platformer\Platformer\Platformer.cpp(139,42): warning C4244: аргумент: преобразование "float" в "T", возможна потеря данных
          with
          [
              T=int
          ]
C:\Users\mysti\Desktop\CustomPlatformer\Platformer\Platformer\Platformer.cpp(139,39): warning C4244: аргумент: преобразование "float" в "T", возможна потеря данных
          with
          [
              T=int
          ]
C:\Users\mysti\Desktop\CustomPlatformer\Platformer\Platformer\Platformer.cpp(174,11): warning C4244: =: преобразование "double" в "float", возможна потеря данных
C:\Users\mysti\Desktop\CustomPlatformer\Platformer\Platformer\Platformer.cpp(181,1): warning C4305: =: усечение из "double" в "float"
C:\Users\mysti\Desktop\CustomPlatformer\Platformer\Platformer\Platformer.cpp(186,1): warning C4305: =: усечение из "double" в "float"
C:\Users\mysti\Desktop\CustomPlatformer\Platformer\Platformer\Platformer.cpp(191,1): warning C4305: =: усечение из "double" в "float"
C:\Users\mysti\Desktop\CustomPlatformer\Platformer\Platformer\Platformer.cpp(355,82): warning C4244: аргумент: преобразование "double" в "int", возможна потеря данных
C:\Users\mysti\Desktop\CustomPlatformer\Platformer\Platformer\Platformer.cpp(355,76): warning C4244: аргумент: преобразование "double" в "int", возможна потеря данных
C:\Users\mysti\Desktop\CustomPlatformer\Platformer\Platformer\Platformer.cpp(363,14): warning C4244: инициализация: преобразование "sf::Int64" в "float", возможна потеря данных
C:\Users\mysti\Desktop\CustomPlatformer\Platformer\Platformer\Platformer.cpp(390,53): warning C4244: аргумент: преобразование "float" в "int", возможна потеря данных
C:\Users\mysti\Desktop\CustomPlatformer\Platformer\Platformer\Platformer.cpp(413,33): warning C4244: +=: преобразование "double" в "float", возможна потеря данных
C:\Users\mysti\Desktop\CustomPlatformer\Platformer\Platformer\Platformer.cpp(419,33): warning C4244: +=: преобразование "double" в "float", возможна потеря данных
C:\Users\mysti\Desktop\CustomPlatformer\Platformer\Platformer\Platformer.cpp(425,33): warning C4244: +=: преобразование "double" в "float", возможна потеря данных
C:\Users\mysti\Desktop\CustomPlatformer\Platformer\Platformer\Platformer.cpp(431,34): warning C4244: +=: преобразование "double" в "float", возможна потеря данных
C:\Users\mysti\Desktop\CustomPlatformer\Platformer\Platformer\Platformer.cpp(437,34): warning C4244: +=: преобразование "double" в "float", возможна потеря данных
C:\Users\mysti\Desktop\CustomPlatformer\Platformer\Platformer\Platformer.cpp(444,32): warning C4244: +=: преобразование "double" в "float", возможна потеря данных
C:\Users\mysti\Desktop\CustomPlatformer\Platformer\Platformer\Platformer.cpp(468,89): warning C4305: =: усечение из "double" в "float"
  tinystr.cpp
  tinyxml.cpp
  tinyxmlerror.cpp
  tinyxmlparser.cpp
  Создание кода...
C:\Users\mysti\Desktop\CustomPlatformer\Platformer\Platformer\level.h(312): warning C4715: Level::GetObject: значение возвращается не при всех путях выполнения
Platformer.obj : error LNK2019: ссылка на неразрешенный внешний символ "__declspec(dllimport) public: __int64 __cdecl sf::Time::asMicroseconds(void)const " (__imp_?asMicroseconds@Time@sf@@QEBA_JXZ) в функции main
Platformer.obj : error LNK2019: ссылка на неразрешенный внешний символ "__declspec(dllimport) public: __cdecl sf::Clock::Clock(void)" (__imp_??0Clock@sf@@QEAA@XZ) в функции main
Platformer.obj : error LNK2019: ссылка на неразрешенный внешний символ "__declspec(dllimport) public: class sf::Time __cdecl sf::Clock::getElapsedTime(void)const " (__imp_?getElapsedTime@Clock@sf@@QEBA?AVTime@2@XZ) в функции main
Platformer.obj : error LNK2019: ссылка на неразрешенный внешний символ "__declspec(dllimport) public: class sf::Time __cdecl sf::Clock::restart(void)" (__imp_?restart@Clock@sf@@QEAA?AVTime@2@XZ) в функции main
Platformer.obj : error LNK2019: ссылка на неразрешенный внешний символ "__declspec(dllimport) public: __cdecl sf::String::String(void)" (__imp_??0String@sf@@QEAA@XZ) в функции "public: __cdecl Enemy::Enemy(class sf::String,class Level &,float,float,int,int)" (??0Enemy@@QEAA@VString@sf@@AEAVLevel@@MMHH@Z)
Platformer.obj : error LNK2019: ссылка на неразрешенный внешний символ "__declspec(dllimport) public: __cdecl sf::String::String(char const *,class std::locale const &)" (__imp_??0String@sf@@QEAA@PEBDAEBVlocale@std@@@Z) в функции "public: __cdecl Enemy::Enemy(class sf::String,class Level &,float,float,int,int)" (??0Enemy@@QEAA@VString@sf@@AEAVLevel@@MMHH@Z)
Platformer.obj : error LNK2019: ссылка на неразрешенный внешний символ "__declspec(dllimport) public: __cdecl sf::String::String(class std::basic_string<char,struct std::char_traits<char>,class std::allocator<char> > const &,class std::locale const &)" (__imp_??0String@sf@@QEAA@AEBV?$basic_string@DU?$char_traits@D@std@@V?$allocator@D@2@@std@@AEBVlocale@3@@Z) в функции main
Platformer.obj : error LNK2019: ссылка на неразрешенный внешний символ "__declspec(dllimport) public: __cdecl sf::String::operator class std::basic_string<char,struct std::char_traits<char>,class std::allocator<char> >(void)const " (__imp_??BString@sf@@QEBA?AV?$basic_string@DU?$char_traits@D@std@@V?$allocator@D@2@@std@@XZ) в функции "public: __cdecl Enemy::Enemy(class sf::String,class Level &,float,float,int,int)" (??0Enemy@@QEAA@VString@sf@@AEAVLevel@@MMHH@Z)
Platformer.obj : error LNK2019: ссылка на неразрешенный внешний символ "__declspec(dllimport) public: class sf::String & __cdecl sf::String::operator=(class sf::String const &)" (__imp_??4String@sf@@QEAAAEAV01@AEBV01@@Z) в функции "public: __cdecl Enemy::Enemy(class sf::String,class Level &,float,float,int,int)" (??0Enemy@@QEAA@VString@sf@@AEAVLevel@@MMHH@Z)
Platformer.obj : error LNK2019: ссылка на неразрешенный внешний символ "__declspec(dllimport) public: __cdecl sf::String::~String(void)" (__imp_??1String@sf@@QEAA@XZ) в функции "public: __cdecl Enemy::Enemy(class sf::String,class Level &,float,float,int,int)" (??0Enemy@@QEAA@VString@sf@@AEAVLevel@@MMHH@Z)
Platformer.obj : error LNK2019: ссылка на неразрешенный внешний символ "__declspec(dllimport) class sf::String __cdecl sf::operator+(class sf::String const &,class sf::String const &)" (__imp_??Hsf@@YA?AVString@0@AEBV10@0@Z) в функции "public: __cdecl Enemy::Enemy(class sf::String,class Level &,float,float,int,int)" (??0Enemy@@QEAA@VString@sf@@AEAVLevel@@MMHH@Z)
Platformer.obj : error LNK2019: ссылка на неразрешенный внешний символ "__declspec(dllimport) public: static bool __cdecl sf::Keyboard::isKeyPressed(enum sf::Keyboard::Key)" (__imp_?isKeyPressed@Keyboard@sf@@SA_NW4Key@12@@Z) в функции "public: void __cdecl Player::playercontrol(void)" (?playercontrol@Player@@QEAAXXZ)
Platformer.obj : error LNK2019: ссылка на неразрешенный внешний символ "__declspec(dllimport) public: __cdecl sf::VideoMode::VideoMode(unsigned int,unsigned int,unsigned int)" (__imp_??0VideoMode@sf@@QEAA@III@Z) в функции main
Platformer.obj : error LNK2019: ссылка на неразрешенный внешний символ "__declspec(dllimport) public: void __cdecl sf::Window::close(void)" (__imp_?close@Window@sf@@QEAAXXZ) в функции main
Platformer.obj : error LNK2019: ссылка на неразрешенный внешний символ "__declspec(dllimport) public: bool __cdecl sf::Window::isOpen(void)const " (__imp_?isOpen@Window@sf@@QEBA_NXZ) в функции main
Platformer.obj : error LNK2019: ссылка на неразрешенный внешний символ "__declspec(dllimport) public: bool __cdecl sf::Window::pollEvent(class sf::Event &)" (__imp_?pollEvent@Window@sf@@QEAA_NAEAVEvent@2@@Z) в функции main
Platformer.obj : error LNK2019: ссылка на неразрешенный внешний символ "__declspec(dllimport) public: void __cdecl sf::Window::display(void)" (__imp_?display@Window@sf@@QEAAXXZ) в функции main
Platformer.obj : error LNK2019: ссылка на неразрешенный внешний символ "__declspec(dllimport) public: void __cdecl sf::Transformable::setPosition(float,float)" (__imp_?setPosition@Transformable@sf@@QEAAXMM@Z) в функции "public: bool __cdecl Level::LoadFromFile(class std::basic_string<char,struct std::char_traits<char>,class std::allocator<char> >)" (?LoadFromFile@Level@@QEAA_NV?$basic_string@DU?$char_traits@D@std@@V?$allocator@D@2@@std@@@Z)
Platformer.obj : error LNK2019: ссылка на неразрешенный внешний символ "__declspec(dllimport) public: void __cdecl sf::Transformable::setOrigin(float,float)" (__imp_?setOrigin@Transformable@sf@@QEAAXMM@Z) в функции "public: __cdecl Enemy::Enemy(class sf::String,class Level &,float,float,int,int)" (??0Enemy@@QEAA@VString@sf@@AEAVLevel@@MMHH@Z)
Platformer.obj : error LNK2019: ссылка на неразрешенный внешний символ "__declspec(dllimport) public: void __cdecl sf::Transformable::scale(float,float)" (__imp_?scale@Transformable@sf@@QEAAXMM@Z) в функции "public: void __cdecl Enemy::checkCollision(float,float)" (?checkCollision@Enemy@@QEAAXMM@Z)
Platformer.obj : error LNK2019: ссылка на неразрешенный внешний символ "__declspec(dllimport) public: __cdecl sf::Color::Color(unsigned char,unsigned char,unsigned char,unsigned char)" (__imp_??0Color@sf@@QEAA@EEEE@Z) в функции "public: bool __cdecl Level::LoadFromFile(class std::basic_string<char,struct std::char_traits<char>,class std::allocator<char> >)" (?LoadFromFile@Level@@QEAA_NV?$basic_string@DU?$char_traits@D@std@@V?$allocator@D@2@@std@@@Z)
Platformer.obj : error LNK2019: ссылка на неразрешенный внешний символ "__declspec(dllimport) public: __cdecl sf::Image::Image(void)" (__imp_??0Image@sf@@QEAA@XZ) в функции "public: __cdecl Enemy::Enemy(class sf::String,class Level &,float,float,int,int)" (??0Enemy@@QEAA@VString@sf@@AEAVLevel@@MMHH@Z)
Platformer.obj : error LNK2019: ссылка на неразрешенный внешний символ "__declspec(dllimport) public: __cdecl sf::Image::~Image(void)" (__imp_??1Image@sf@@QEAA@XZ) в функции "int `public: __cdecl Enemy::Enemy(class sf::String,class Level &,float,float,int,int)'::`1'::dtor$4" (?dtor$4@?0???0Enemy@@QEAA@VString@sf@@AEAVLevel@@MMHH@Z@4HA)
Platformer.obj : error LNK2019: ссылка на неразрешенный внешний символ "__declspec(dllimport) public: bool __cdecl sf::Image::loadFromFile(class std::basic_string<char,struct std::char_traits<char>,class std::allocator<char> > const &)" (__imp_?loadFromFile@Image@sf@@QEAA_NAEBV?$basic_string@DU?$char_traits@D@std@@V?$allocator@D@2@@std@@@Z) в функции "public: __cdecl Enemy::Enemy(class sf::String,class Level &,float,float,int,int)" (??0Enemy@@QEAA@VString@sf@@AEAVLevel@@MMHH@Z)
Platformer.obj : error LNK2019: ссылка на неразрешенный внешний символ "__declspec(dllimport) public: void __cdecl sf::Image::createMaskFromColor(class sf::Color const &,unsigned char)" (__imp_?createMaskFromColor@Image@sf@@QEAAXAEBVColor@2@E@Z) в функции "public: bool __cdecl Level::LoadFromFile(class std::basic_string<char,struct std::char_traits<char>,class std::allocator<char> >)" (?LoadFromFile@Level@@QEAA_NV?$basic_string@DU?$char_traits@D@std@@V?$allocator@D@2@@std@@@Z)
Platformer.obj : error LNK2019: ссылка на неразрешенный внешний символ "__declspec(dllimport) public: __cdecl sf::Texture::Texture(void)" (__imp_??0Texture@sf@@QEAA@XZ) в функции "public: __cdecl Enemy::Enemy(class sf::String,class Level &,float,float,int,int)" (??0Enemy@@QEAA@VString@sf@@AEAVLevel@@MMHH@Z)
Platformer.obj : error LNK2019: ссылка на неразрешенный внешний символ "__declspec(dllimport) public: __cdecl sf::Texture::~Texture(void)" (__imp_??1Texture@sf@@QEAA@XZ) в функции "int `public: __cdecl Enemy::Enemy(class sf::String,class Level &,float,float,int,int)'::`1'::dtor$5" (?dtor$5@?0???0Enemy@@QEAA@VString@sf@@AEAVLevel@@MMHH@Z@4HA)
Platformer.obj : error LNK2019: ссылка на неразрешенный внешний символ "__declspec(dllimport) public: bool __cdecl sf::Texture::loadFromImage(class sf::Image const &,class sf::Rect<int> const &)" (__imp_?loadFromImage@Texture@sf@@QEAA_NAEBVImage@2@AEBV?$Rect@H@2@@Z) в функции "public: __cdecl Enemy::Enemy(class sf::String,class Level &,float,float,int,int)" (??0Enemy@@QEAA@VString@sf@@AEAVLevel@@MMHH@Z)
Platformer.obj : error LNK2019: ссылка на неразрешенный внешний символ "__declspec(dllimport) public: class sf::Vector2<unsigned int> __cdecl sf::Texture::getSize(void)const " (__imp_?getSize@Texture@sf@@QEBA?AV?$Vector2@I@2@XZ) в функции "public: bool __cdecl Level::LoadFromFile(class std::basic_string<char,struct std::char_traits<char>,class std::allocator<char> >)" (?LoadFromFile@Level@@QEAA_NV?$basic_string@DU?$char_traits@D@std@@V?$allocator@D@2@@std@@@Z)
Platformer.obj : error LNK2019: ссылка на неразрешенный внешний символ "__declspec(dllimport) public: void __cdecl sf::Texture::setSmooth(bool)" (__imp_?setSmooth@Texture@sf@@QEAAX_N@Z) в функции "public: bool __cdecl Level::LoadFromFile(class std::basic_string<char,struct std::char_traits<char>,class std::allocator<char> >)" (?LoadFromFile@Level@@QEAA_NV?$basic_string@DU?$char_traits@D@std@@V?$allocator@D@2@@std@@@Z)
Platformer.obj : error LNK2019: ссылка на неразрешенный внешний символ "__declspec(dllimport) public: __cdecl sf::Font::Font(void)" (__imp_??0Font@sf@@QEAA@XZ) в функции main
Platformer.obj : error LNK2019: ссылка на неразрешенный внешний символ "__declspec(dllimport) public: __cdecl sf::Font::~Font(void)" (__imp_??1Font@sf@@QEAA@XZ) в функции main
Platformer.obj : error LNK2019: ссылка на неразрешенный внешний символ "__declspec(dllimport) public: bool __cdecl sf::Font::loadFromFile(class std::basic_string<char,struct std::char_traits<char>,class std::allocator<char> > const &)" (__imp_?loadFromFile@Font@sf@@QEAA_NAEBV?$basic_string@DU?$char_traits@D@std@@V?$allocator@D@2@@std@@@Z) в функции main
Platformer.obj : error LNK2019: ссылка на неразрешенный внешний символ "__declspec(dllimport) public: __cdecl sf::View::View(void)" (__imp_??0View@sf@@QEAA@XZ) в функции "void __cdecl `dynamic initializer for 'camera''(void)" (??__Ecamera@@YAXXZ)
Platformer.obj : error LNK2019: ссылка на неразрешенный внешний символ "__declspec(dllimport) public: void __cdecl sf::View::setCenter(float,float)" (__imp_?setCenter@View@sf@@QEAAXMM@Z) в функции "class sf::View __cdecl getPlayerView(float,float)" (?getPlayerView@@YA?AVView@sf@@MM@Z)
Platformer.obj : error LNK2019: ссылка на неразрешенный внешний символ "__declspec(dllimport) public: void __cdecl sf::View::reset(class sf::Rect<float> const &)" (__imp_?reset@View@sf@@QEAAXAEBV?$Rect@M@2@@Z) в функции main
Platformer.obj : error LNK2019: ссылка на неразрешенный внешний символ "__declspec(dllimport) public: class sf::Vector2<float> const & __cdecl sf::View::getCenter(void)const " (__imp_?getCenter@View@sf@@QEBAAEBV?$Vector2@M@2@XZ) в функции main
Platformer.obj : error LNK2019: ссылка на неразрешенный внешний символ "__declspec(dllimport) public: void __cdecl sf::View::move(float,float)" (__imp_?move@View@sf@@QEAAXMM@Z) в функции "class sf::View __cdecl viewmap(float)" (?viewmap@@YA?AVView@sf@@M@Z)
Platformer.obj : error LNK2019: ссылка на неразрешенный внешний символ "__declspec(dllimport) public: void __cdecl sf::RenderTarget::clear(class sf::Color const &)" (__imp_?clear@RenderTarget@sf@@QEAAXAEBVColor@2@@Z) в функции main
Platformer.obj : error LNK2019: ссылка на неразрешенный внешний символ "__declspec(dllimport) public: void __cdecl sf::RenderTarget::setView(class sf::View const &)" (__imp_?setView@RenderTarget@sf@@QEAAXAEBVView@2@@Z) в функции main
Platformer.obj : error LNK2019: ссылка на неразрешенный внешний символ "__declspec(dllimport) public: void __cdecl sf::RenderTarget::draw(class sf::Drawable const &,class sf::RenderStates const &)" (__imp_?draw@RenderTarget@sf@@QEAAXAEBVDrawable@2@AEBVRenderStates@2@@Z) в функции "public: void __cdecl Level::Draw(class sf::RenderWindow &)" (?Draw@Level@@QEAAXAEAVRenderWindow@sf@@@Z)
Platformer.obj : error LNK2019: ссылка на неразрешенный внешний символ "__declspec(dllimport) public: __cdecl sf::RenderWindow::RenderWindow(class sf::VideoMode,class sf::String const &,unsigned int,struct sf::ContextSettings const &)" (__imp_??0RenderWindow@sf@@QEAA@VVideoMode@1@AEBVString@1@IAEBUContextSettings@1@@Z) в функции main
Platformer.obj : error LNK2019: ссылка на неразрешенный внешний символ "__declspec(dllimport) public: virtual __cdecl sf::RenderWindow::~RenderWindow(void)" (__imp_??1RenderWindow@sf@@UEAA@XZ) в функции main
Platformer.obj : error LNK2019: ссылка на неразрешенный внешний символ "__declspec(dllimport) public: __cdecl sf::Sprite::Sprite(void)" (__imp_??0Sprite@sf@@QEAA@XZ) в функции "public: __cdecl Enemy::Enemy(class sf::String,class Level &,float,float,int,int)" (??0Enemy@@QEAA@VString@sf@@AEAVLevel@@MMHH@Z)
Platformer.obj : error LNK2019: ссылка на неразрешенный внешний символ "__declspec(dllimport) public: void __cdecl sf::Sprite::setTexture(class sf::Texture const &,bool)" (__imp_?setTexture@Sprite@sf@@QEAAXAEBVTexture@2@_N@Z) в функции "public: __cdecl Enemy::Enemy(class sf::String,class Level &,float,float,int,int)" (??0Enemy@@QEAA@VString@sf@@AEAVLevel@@MMHH@Z)
Platformer.obj : error LNK2019: ссылка на неразрешенный внешний символ "__declspec(dllimport) public: void __cdecl sf::Sprite::setTextureRect(class sf::Rect<int> const &)" (__imp_?setTextureRect@Sprite@sf@@QEAAXAEBV?$Rect@H@2@@Z) в функции "public: __cdecl Enemy::Enemy(class sf::String,class Level &,float,float,int,int)" (??0Enemy@@QEAA@VString@sf@@AEAVLevel@@MMHH@Z)
Platformer.obj : error LNK2019: ссылка на неразрешенный внешний символ "__declspec(dllimport) public: void __cdecl sf::Sprite::setColor(class sf::Color const &)" (__imp_?setColor@Sprite@sf@@QEAAXAEBVColor@2@@Z) в функции "public: bool __cdecl Level::LoadFromFile(class std::basic_string<char,struct std::char_traits<char>,class std::allocator<char> >)" (?LoadFromFile@Level@@QEAA_NV?$basic_string@DU?$char_traits@D@std@@V?$allocator@D@2@@std@@@Z)
Platformer.obj : error LNK2019: ссылка на неразрешенный внешний символ "__declspec(dllimport) public: virtual __cdecl sf::Sprite::~Sprite(void)" (__imp_??1Sprite@sf@@UEAA@XZ) в функции "int `public: __cdecl Enemy::Enemy(class sf::String,class Level &,float,float,int,int)'::`1'::dtor$3" (?dtor$3@?0???0Enemy@@QEAA@VString@sf@@AEAVLevel@@MMHH@Z@4HA)
Platformer.obj : error LNK2019: ссылка на неразрешенный внешний символ "__declspec(dllimport) public: __cdecl sf::Sprite::Sprite(class sf::Sprite const &)" (__imp_??0Sprite@sf@@QEAA@AEBV01@@Z) в функции "public: static void __cdecl std::_Default_allocator_traits<class std::allocator<class sf::Sprite> >::construct<class sf::Sprite,class sf::Sprite &>(class std::allocator<class sf::Sprite> &,class sf::Sprite * const,class sf::Sprite &)" (??$construct@VSprite@sf@@AEAV12@@?$_Default_allocator_traits@V?$allocator@VSprite@sf@@@std@@@std@@SAXAEAV?$allocator@VSprite@sf@@@1@QEAVSprite@sf@@AEAV34@@Z)
Platformer.obj : error LNK2019: ссылка на неразрешенный внешний символ "__declspec(dllimport) public: __cdecl sf::Sprite::Sprite(class sf::Sprite &&)" (__imp_??0Sprite@sf@@QEAA@$$QEAV01@@Z) в функции "public: static void __cdecl std::_Default_allocator_traits<class std::allocator<class sf::Sprite> >::construct<class sf::Sprite,class sf::Sprite>(class std::allocator<class sf::Sprite> &,class sf::Sprite * const,class sf::Sprite &&)" (??$construct@VSprite@sf@@V12@@?$_Default_allocator_traits@V?$allocator@VSprite@sf@@@std@@@std@@SAXAEAV?$allocator@VSprite@sf@@@1@QEAVSprite@sf@@$$QEAV34@@Z)
Platformer.obj : error LNK2019: ссылка на неразрешенный внешний символ "__declspec(dllimport) public: class sf::Sprite & __cdecl sf::Sprite::operator=(class sf::Sprite const &)" (__imp_??4Sprite@sf@@QEAAAEAV01@AEBV01@@Z) в функции "public: bool __cdecl Level::LoadFromFile(class std::basic_string<char,struct std::char_traits<char>,class std::allocator<char> >)" (?LoadFromFile@Level@@QEAA_NV?$basic_string@DU?$char_traits@D@std@@V?$allocator@D@2@@std@@@Z)
Platformer.obj : error LNK2019: ссылка на неразрешенный внешний символ "__declspec(dllimport) public: __cdecl sf::Text::Text(class sf::String const &,class sf::Font const &,unsigned int)" (__imp_??0Text@sf@@QEAA@AEBVString@1@AEBVFont@1@I@Z) в функции main
Platformer.obj : error LNK2019: ссылка на неразрешенный внешний символ "__declspec(dllimport) public: void __cdecl sf::Text::setString(class sf::String const &)" (__imp_?setString@Text@sf@@QEAAXAEBVString@2@@Z) в функции main
Platformer.obj : error LNK2019: ссылка на неразрешенный внешний символ "__declspec(dllimport) public: void __cdecl sf::Text::setFillColor(class sf::Color const &)" (__imp_?setFillColor@Text@sf@@QEAAXAEBVColor@2@@Z) в функции main
Platformer.obj : error LNK2019: ссылка на неразрешенный внешний символ "__declspec(dllimport) public: virtual __cdecl sf::Text::~Text(void)" (__imp_??1Text@sf@@UEAA@XZ) в функции main
Platformer.obj : error LNK2001: неразрешенный внешний символ ""private: virtual void __cdecl sf::Sprite::draw(class sf::RenderTarget &,class sf::RenderStates)const " (?draw@Sprite@sf@@EEBAXAEAVRenderTarget@2@VRenderStates@2@@Z)"
Platformer.obj : error LNK2001: неразрешенный внешний символ ""__declspec(dllimport) public: static class sf::RenderStates const sf::RenderStates::Default" (__imp_?Default@RenderStates@sf@@2V12@B)"
Platformer.obj : error LNK2001: неразрешенный внешний символ ""__declspec(dllimport) public: static class sf::Color const sf::Color::Black" (__imp_?Black@Color@sf@@2V12@B)"
C:\Users\mysti\Desktop\CustomPlatformer\Platformer\x64\Debug\Platformer.exe : fatal error LNK1120: неразрешенных внешних элементов: 58
